5379,Wed May 17 15:20:06 2023,Lex,Leks-PK,13824,Microsoft-Windows-Security-Auditing,501346,EVENTLOG_AUDIT_SUCCESS,Учетные данные диспетчера учетных данных прочитаны.
5379,Wed May 17 15:20:06 2023,Lex,Leks-PK,13824,Microsoft-Windows-Security-Auditing,501345,EVENTLOG_AUDIT_SUCCESS,Учетные данные диспетчера учетных данных прочитаны.
5379,Wed May 17 15:20:06 2023,Lex,Leks-PK,13824,Microsoft-Windows-Security-Auditing,501344,EVENTLOG_AUDIT_SUCCESS,Учетные данные диспетчера учетных данных прочитаны.
4672,Wed May 17 15:21:17 2023,SYSTEM,Leks-PK,12548,Microsoft-Windows-Security-Auditing,501350,EVENTLOG_AUDIT_SUCCESS,Новому сеансу входа назначены специальные привилегии.
4624,Wed May 17 15:21:17 2023,LEKS-PK$,Leks-PK,12544,Microsoft-Windows-Security-Auditing,501349,EVENTLOG_AUDIT_SUCCESS,Вход в учетную запись выполнен успешно.
5379,Wed May 17 15:20:06 2023,Lex,Leks-PK,13824,Microsoft-Windows-Security-Auditing,501348,EVENTLOG_AUDIT_SUCCESS,Учетные данные диспетчера учетных данных прочитаны.
5379,Wed May 17 15:20:06 2023,Lex,Leks-PK,13824,Microsoft-Windows-Security-Auditing,501347,EVENTLOG_AUDIT_SUCCESS,Учетные данные диспетчера учетных данных прочитаны.
5379,Wed May 17 15:20:06 2023,Lex,Leks-PK,13824,Microsoft-Windows-Security-Auditing,501346,EVENTLOG_AUDIT_SUCCESS,Учетные данные диспетчера учетных данных прочитаны.
5379,Wed May 17 15:20:06 2023,Lex,Leks-PK,13824,Microsoft-Windows-Security-Auditing,501345,EVENTLOG_AUDIT_SUCCESS,Учетные данные диспетчера учетных данных прочитаны.
5379,Wed May 17 15:20:06 2023,Lex,Leks-PK,13824,Microsoft-Windows-Security-Auditing,501344,EVENTLOG_AUDIT_SUCCESS,Учетные данные диспетчера учетных данных прочитаны.
